<?xml version="1.0" encoding="UTF-8"?>
<!-- Generated by org.testng.reporters.JUnitReportReporter -->
<testsuite hostname="DESKTOP-UGMBOKI" failures="0" tests="5" name="TestNG.Bank" time="0.023" errors="0" timestamp="2023-02-28T21:57:42 GMT-08:00" skipped="0">
  <testcase classname="TestNG.Bank" name="createAccount" time="0.008"/>
  <system-out/>
  <testcase classname="TestNG.Bank" name="Deposite" time="0.003"/>
  <system-out/>
  <testcase classname="TestNG.Bank" name="getPassBook" time="0.002"/>
  <system-out/>
  <testcase classname="TestNG.Bank" name="applyATM" time="0.006"/>
  <system-out/>
  <testcase classname="TestNG.Bank" name="Withdraw" time="0.004"/>
  <system-out/>
</testsuite> <!-- TestNG.Bank -->
